2018-10-31 10:59:10.649+0000 INFO [o.n.g.f.m.CommunityEditionModule] No locking implementation specified, defaulting to 'community'
2018-10-31 10:59:10.870+0000 INFO [o.n.k.AvailabilityGuard] Requirement makes database unavailable: Database available
2018-10-31 10:59:10.949+0000 INFO [o.n.k.i.DiagnosticsManager] --- INITIALIZED diagnostics START ---
2018-10-31 10:59:10.949+0000 INFO [o.n.k.i.DiagnosticsManager] Neo4j Kernel properties:
2018-10-31 10:59:10.949+0000 INFO [o.n.k.i.DiagnosticsManager] bolt.ssl_policy=true
2018-10-31 10:59:10.950+0000 INFO [o.n.k.i.DiagnosticsManager] unsupported.dbms.edition=community
2018-10-31 10:59:10.950+0000 INFO [o.n.k.i.DiagnosticsManager] unsupported.dbms.block_size.strings=60
2018-10-31 10:59:10.950+0000 INFO [o.n.k.i.DiagnosticsManager] unsupported.dbms.directories.neo4j_home=/home/luncert/Project/tkg/tkgdb/db
2018-10-31 10:59:10.950+0000 INFO [o.n.k.i.DiagnosticsManager] unsupported.dbms.block_size.array_properties=300
2018-10-31 10:59:10.950+0000 INFO [o.n.k.i.DiagnosticsManager] dbms.memory.pagecache.size=512M
2018-10-31 10:59:10.950+0000 INFO [o.n.k.i.DiagnosticsManager] unsupported.dbms.ephemeral=false
2018-10-31 10:59:10.950+0000 INFO [o.n.k.i.DiagnosticsManager] Diagnostics providers:
2018-10-31 10:59:10.951+0000 INFO [o.n.k.i.DiagnosticsManager] org.neo4j.kernel.configuration.Config
2018-10-31 10:59:10.951+0000 INFO [o.n.k.i.DiagnosticsManager] org.neo4j.kernel.info.DiagnosticsManager
2018-10-31 10:59:10.951+0000 INFO [o.n.k.i.DiagnosticsManager] SYSTEM_MEMORY
2018-10-31 10:59:10.951+0000 INFO [o.n.k.i.DiagnosticsManager] JAVA_MEMORY
2018-10-31 10:59:10.951+0000 INFO [o.n.k.i.DiagnosticsManager] OPERATING_SYSTEM
2018-10-31 10:59:10.951+0000 INFO [o.n.k.i.DiagnosticsManager] JAVA_VIRTUAL_MACHINE
2018-10-31 10:59:10.951+0000 INFO [o.n.k.i.DiagnosticsManager] CLASSPATH
2018-10-31 10:59:10.952+0000 INFO [o.n.k.i.DiagnosticsManager] LIBRARY_PATH
2018-10-31 10:59:10.952+0000 INFO [o.n.k.i.DiagnosticsManager] SYSTEM_PROPERTIES
2018-10-31 10:59:10.952+0000 INFO [o.n.k.i.DiagnosticsManager] TIMEZONE_DATABASE
2018-10-31 10:59:10.952+0000 INFO [o.n.k.i.DiagnosticsManager] LINUX_SCHEDULERS
2018-10-31 10:59:10.952+0000 INFO [o.n.k.i.DiagnosticsManager] NETWORK
2018-10-31 10:59:10.952+0000 INFO [o.n.k.i.DiagnosticsManager] System memory information:
2018-10-31 10:59:10.958+0000 INFO [o.n.k.i.DiagnosticsManager] Total Physical memory: 6.75 GB
2018-10-31 10:59:10.958+0000 INFO [o.n.k.i.DiagnosticsManager] Free Physical memory: 143.14 MB
2018-10-31 10:59:10.958+0000 INFO [o.n.k.i.DiagnosticsManager] Committed virtual memory: 4.17 GB
2018-10-31 10:59:10.959+0000 INFO [o.n.k.i.DiagnosticsManager] Total swap space: 6.94 GB
2018-10-31 10:59:10.959+0000 INFO [o.n.k.i.DiagnosticsManager] Free swap space: 6.94 GB
2018-10-31 10:59:10.959+0000 INFO [o.n.k.i.DiagnosticsManager] JVM memory information:
2018-10-31 10:59:10.959+0000 INFO [o.n.k.i.DiagnosticsManager] Free  memory: 168.67 MB
2018-10-31 10:59:10.959+0000 INFO [o.n.k.i.DiagnosticsManager] Total memory: 292.00 MB
2018-10-31 10:59:10.960+0000 INFO [o.n.k.i.DiagnosticsManager] Max   memory: 1.50 GB
2018-10-31 10:59:10.961+0000 INFO [o.n.k.i.DiagnosticsManager] Garbage Collector: PS Scavenge: [PS Eden Space, PS Survivor Space]
2018-10-31 10:59:10.961+0000 INFO [o.n.k.i.DiagnosticsManager] Garbage Collector: PS MarkSweep: [PS Eden Space, PS Survivor Space, PS Old Gen]
2018-10-31 10:59:10.962+0000 INFO [o.n.k.i.DiagnosticsManager] Memory Pool: Code Cache (Non-heap memory): committed=13.38 MB, used=13.33 MB, max=240.00 MB, threshold=0.00 B
2018-10-31 10:59:10.962+0000 INFO [o.n.k.i.DiagnosticsManager] Memory Pool: Metaspace (Non-heap memory): committed=32.25 MB, used=31.16 MB, max=-1.00 B, threshold=0.00 B
2018-10-31 10:59:10.963+0000 INFO [o.n.k.i.DiagnosticsManager] Memory Pool: Compressed Class Space (Non-heap memory): committed=4.00 MB, used=3.70 MB, max=1.00 GB, threshold=0.00 B
2018-10-31 10:59:10.963+0000 INFO [o.n.k.i.DiagnosticsManager] Memory Pool: PS Eden Space (Heap memory): committed=216.00 MB, used=105.99 MB, max=552.50 MB, threshold=?
2018-10-31 10:59:10.963+0000 INFO [o.n.k.i.DiagnosticsManager] Memory Pool: PS Survivor Space (Heap memory): committed=11.50 MB, used=0.00 B, max=11.50 MB, threshold=?
2018-10-31 10:59:10.963+0000 INFO [o.n.k.i.DiagnosticsManager] Memory Pool: PS Old Gen (Heap memory): committed=64.50 MB, used=17.34 MB, max=1.13 GB, threshold=0.00 B
2018-10-31 10:59:10.964+0000 INFO [o.n.k.i.DiagnosticsManager] Operating system information:
2018-10-31 10:59:10.964+0000 INFO [o.n.k.i.DiagnosticsManager] Operating System: Linux; version: 4.15.0-36-generic; arch: amd64; cpus: 4
2018-10-31 10:59:10.964+0000 INFO [o.n.k.i.DiagnosticsManager] Max number of file descriptors: 1048576
2018-10-31 10:59:10.965+0000 INFO [o.n.k.i.DiagnosticsManager] Number of open file descriptors: 223
2018-10-31 10:59:10.966+0000 INFO [o.n.k.i.DiagnosticsManager] Process id: 19868@luncert-station
2018-10-31 10:59:10.966+0000 INFO [o.n.k.i.DiagnosticsManager] Byte order: LITTLE_ENDIAN
2018-10-31 10:59:10.966+0000 INFO [o.n.k.i.DiagnosticsManager] Local timezone: Asia/Shanghai
2018-10-31 10:59:10.966+0000 INFO [o.n.k.i.DiagnosticsManager] JVM information:
2018-10-31 10:59:10.966+0000 INFO [o.n.k.i.DiagnosticsManager] VM Name: Java HotSpot(TM) 64-Bit Server VM
2018-10-31 10:59:10.966+0000 INFO [o.n.k.i.DiagnosticsManager] VM Vendor: Oracle Corporation
2018-10-31 10:59:10.967+0000 INFO [o.n.k.i.DiagnosticsManager] VM Version: 25.181-b13
2018-10-31 10:59:10.967+0000 INFO [o.n.k.i.DiagnosticsManager] JIT compiler: HotSpot 64-Bit Tiered Compilers
2018-10-31 10:59:10.968+0000 INFO [o.n.k.i.DiagnosticsManager] VM Arguments: [-Dclassworlds.conf=/usr/share/maven/bin/m2.conf, -Dmaven.home=/usr/share/maven, -Dmaven.multiModuleProjectDirectory=/home/luncert/Project/tkg/tkgdb]
2018-10-31 10:59:10.968+0000 INFO [o.n.k.i.DiagnosticsManager] Java classpath:
2018-10-31 10:59:10.970+0000 INFO [o.n.k.i.DiagnosticsManager]  [loader.0] file:/home/luncert/.m2/repository/org/apache/commons/commons-lang3/3.7/commons-lang3-3.7.jar
2018-10-31 10:59:10.970+0000 INFO [o.n.k.i.DiagnosticsManager]  [loader.0] file:/home/luncert/.m2/repository/org/neo4j/neo4j-cypher-expression-3.4/3.4.4/neo4j-cypher-expression-3.4-3.4.4.jar
2018-10-31 10:59:10.970+0000 INFO [o.n.k.i.DiagnosticsManager]  [loader.2] file:/usr/lib/jvm/java-8-oracle/jre/lib/ext/zipfs.jar
2018-10-31 10:59:10.970+0000 INFO [o.n.k.i.DiagnosticsManager]  [loader.0] file:/home/luncert/.m2/repository/org/opencypher/ast-9.0/9.0.5/ast-9.0-9.0.5.jar
2018-10-31 10:59:10.970+0000 INFO [o.n.k.i.DiagnosticsManager]  [loader.0] file:/home/luncert/.m2/repository/org/scalacheck/scalacheck_2.11/1.12.5/scalacheck_2.11-1.12.5.jar
2018-10-31 10:59:10.970+0000 INFO [o.n.k.i.DiagnosticsManager]  [loader.0] file:/home/luncert/.m2/repository/org/neo4j/neo4j-cypher-runtime-util/3.5.0-alpha06/neo4j-cypher-runtime-util-3.5.0-alpha06.jar
2018-10-31 10:59:10.970+0000 INFO [o.n.k.i.DiagnosticsManager]  [loader.0] file:/home/luncert/.m2/repository/org/neo4j/neo4j-bolt/3.5.0-alpha06/neo4j-bolt-3.5.0-alpha06.jar
2018-10-31 10:59:10.970+0000 INFO [o.n.k.i.DiagnosticsManager]  [loader.0] file:/home/luncert/.m2/repository/org/neo4j/neo4j-unsafe/3.5.0-alpha06/neo4j-unsafe-3.5.0-alpha06.jar
2018-10-31 10:59:10.970+0000 INFO [o.n.k.i.DiagnosticsManager]  [loader.0] file:/home/luncert/.m2/repository/org/neo4j/neo4j/3.5.0-alpha06/neo4j-3.5.0-alpha06.jar
2018-10-31 10:59:10.971+0000 INFO [o.n.k.i.DiagnosticsManager]  [loader.0] file:/home/luncert/.m2/repository/org/neo4j/neo4j-kernel/3.5.0-alpha06/neo4j-kernel-3.5.0-alpha06.jar
2018-10-31 10:59:10.971+0000 INFO [o.n.k.i.DiagnosticsManager]  [loader.0] file:/home/luncert/.m2/repository/com/github/ben-manes/caffeine/caffeine/2.3.3/caffeine-2.3.3.jar
2018-10-31 10:59:10.971+0000 INFO [o.n.k.i.DiagnosticsManager]  [loader.0] file:/home/luncert/.m2/repository/com/profesorfalken/jPowerShell/1.9/jPowerShell-1.9.jar
2018-10-31 10:59:10.971+0000 INFO [o.n.k.i.DiagnosticsManager]  [loader.0] file:/home/luncert/.m2/repository/log4j/log4j/1.2.17/log4j-1.2.17.jar
2018-10-31 10:59:10.971+0000 INFO [o.n.k.i.DiagnosticsManager]  [bootstrap] /usr/lib/jvm/java-8-oracle/jre/lib/jfr.jar
2018-10-31 10:59:10.971+0000 INFO [o.n.k.i.DiagnosticsManager]  [loader.0] file:/home/luncert/.m2/repository/org/ow2/asm/asm-analysis/6.2/asm-analysis-6.2.jar
2018-10-31 10:59:10.971+0000 INFO [o.n.k.i.DiagnosticsManager]  [loader.0] file:/home/luncert/.m2/repository/org/neo4j/neo4j-cypher/3.5.0-alpha06/neo4j-cypher-3.5.0-alpha06.jar
2018-10-31 10:59:10.971+0000 INFO [o.n.k.i.DiagnosticsManager]  [loader.0] file:/home/luncert/.m2/repository/org/ow2/asm/asm-util/6.2/asm-util-6.2.jar
2018-10-31 10:59:10.971+0000 INFO [o.n.k.i.DiagnosticsManager]  [loader.0] file:/home/luncert/.m2/repository/org/codehaus/jackson/jackson-core-asl/1.9.13/jackson-core-asl-1.9.13.jar
2018-10-31 10:59:10.972+0000 INFO [o.n.k.i.DiagnosticsManager]  [loader.0] file:/home/luncert/.m2/repository/org/neo4j/neo4j-values/3.5.0-alpha06/neo4j-values-3.5.0-alpha06.jar
2018-10-31 10:59:10.972+0000 INFO [o.n.k.i.DiagnosticsManager]  [loader.0] file:/home/luncert/.m2/repository/org/apache/curator/curator-framework/4.0.0/curator-framework-4.0.0.jar
2018-10-31 10:59:10.972+0000 INFO [o.n.k.i.DiagnosticsManager]  [loader.0] file:/home/luncert/.m2/repository/org/neo4j/neo4j-io/3.5.0-alpha06/neo4j-io-3.5.0-alpha06.jar
2018-10-31 10:59:10.972+0000 INFO [o.n.k.i.DiagnosticsManager]  [bootstrap] /usr/lib/jvm/java-8-oracle/jre/lib/jsse.jar
2018-10-31 10:59:10.972+0000 INFO [o.n.k.i.DiagnosticsManager]  [loader.0] file:/home/luncert/.m2/repository/org/opencypher/util-9.0/9.0.5/util-9.0-9.0.5.jar
2018-10-31 10:59:10.972+0000 INFO [o.n.k.i.DiagnosticsManager]  [loader.0] file:/home/luncert/.m2/repository/org/bouncycastle/bcpkix-jdk15on/1.59/bcpkix-jdk15on-1.59.jar
2018-10-31 10:59:10.972+0000 INFO [o.n.k.i.DiagnosticsManager]  [loader.0] file:/home/luncert/.m2/repository/org/jboss/marshalling/jboss-marshalling-serial/2.0.6.Final/jboss-marshalling-serial-2.0.6.Final.jar
2018-10-31 10:59:10.972+0000 INFO [o.n.k.i.DiagnosticsManager]  [loader.2] file:/usr/lib/jvm/java-8-oracle/jre/lib/ext/cldrdata.jar
2018-10-31 10:59:10.972+0000 INFO [o.n.k.i.DiagnosticsManager]  [loader.0] file:/home/luncert/.m2/repository/org/neo4j/neo4j-codegen/3.5.0-alpha06/neo4j-codegen-3.5.0-alpha06.jar
2018-10-31 10:59:10.972+0000 INFO [o.n.k.i.DiagnosticsManager]  [loader.0] file:/home/luncert/.m2/repository/org/neo4j/neo4j-legacy/3.5.0-alpha06/neo4j-legacy-3.5.0-alpha06.jar
2018-10-31 10:59:10.972+0000 INFO [o.n.k.i.DiagnosticsManager]  [loader.2] file:/usr/lib/jvm/java-8-oracle/jre/lib/ext/sunec.jar
2018-10-31 10:59:10.973+0000 INFO [o.n.k.i.DiagnosticsManager]  [loader.0] file:/home/luncert/Project/tkg/tkgdb/target/classes/
2018-10-31 10:59:10.973+0000 INFO [o.n.k.i.DiagnosticsManager]  [loader.0] file:/home/luncert/.m2/repository/org/ow2/asm/asm/6.2/asm-6.2.jar
2018-10-31 10:59:10.973+0000 INFO [o.n.k.i.DiagnosticsManager]  [loader.0] file:/home/luncert/.m2/repository/org/neo4j/neo4j-cypher-frontend-2.3/2.3.12/neo4j-cypher-frontend-2.3-2.3.12.jar
2018-10-31 10:59:10.973+0000 INFO [o.n.k.i.DiagnosticsManager]  [loader.0] file:/home/luncert/.m2/repository/org/neo4j/neo4j-cypher-logical-plans-3.5/3.5.0-alpha06/neo4j-cypher-logical-plans-3.5-3.5.0-alpha06.jar
2018-10-31 10:59:10.973+0000 INFO [o.n.k.i.DiagnosticsManager]  [loader.0] file:/home/luncert/.m2/repository/org/neo4j/neo4j-import-tool/3.5.0-alpha06/neo4j-import-tool-3.5.0-alpha06.jar
2018-10-31 10:59:10.973+0000 INFO [o.n.k.i.DiagnosticsManager]  [loader.0] file:/home/luncert/.m2/repository/org/ow2/asm/asm-tree/6.2/asm-tree-6.2.jar
2018-10-31 10:59:10.973+0000 INFO [o.n.k.i.DiagnosticsManager]  [loader.0] file:/home/luncert/.m2/repository/org/eclipse/collections/eclipse-collections/9.2.0/eclipse-collections-9.2.0.jar
2018-10-31 10:59:10.973+0000 INFO [o.n.k.i.DiagnosticsManager]  [loader.0] file:/home/luncert/.m2/repository/org/neo4j/openCypher-frontend-1/3.4.4/openCypher-frontend-1-3.4.4.jar
2018-10-31 10:59:10.973+0000 INFO [o.n.k.i.DiagnosticsManager]  [loader.0] file:/home/luncert/.m2/repository/org/neo4j/neo4j-ssl/3.5.0-alpha06/neo4j-ssl-3.5.0-alpha06.jar
2018-10-31 10:59:10.973+0000 INFO [o.n.k.i.DiagnosticsManager]  [loader.0] file:/home/luncert/.m2/repository/org/neo4j/neo4j-udc/3.5.0-alpha06/neo4j-udc-3.5.0-alpha06.jar
2018-10-31 10:59:10.973+0000 INFO [o.n.k.i.DiagnosticsManager]  [loader.0] file:/home/luncert/.m2/repository/org/neo4j/neo4j-resource/3.5.0-alpha06/neo4j-resource-3.5.0-alpha06.jar
2018-10-31 10:59:10.974+0000 INFO [o.n.k.i.DiagnosticsManager]  [loader.0] file:/home/luncert/.m2/repository/org/neo4j/neo4j-procedure-api/3.5.0-alpha06/neo4j-procedure-api-3.5.0-alpha06.jar
2018-10-31 10:59:10.974+0000 INFO [o.n.k.i.DiagnosticsManager]  [loader.0] file:/home/luncert/.m2/repository/org/apache/lucene/lucene-backward-codecs/5.5.0/lucene-backward-codecs-5.5.0.jar
2018-10-31 10:59:10.974+0000 INFO [o.n.k.i.DiagnosticsManager]  [loader.0] file:/home/luncert/.m2/repository/org/neo4j/neo4j-command-line/3.5.0-alpha06/neo4j-command-line-3.5.0-alpha06.jar
2018-10-31 10:59:10.974+0000 INFO [o.n.k.i.DiagnosticsManager]  [loader.2] file:/usr/lib/jvm/java-8-oracle/jre/lib/ext/sunjce_provider.jar
2018-10-31 10:59:10.974+0000 INFO [o.n.k.i.DiagnosticsManager]  [loader.0] file:/home/luncert/.m2/repository/org/neo4j/neo4j-index/3.5.0-alpha06/neo4j-index-3.5.0-alpha06.jar
2018-10-31 10:59:10.974+0000 INFO [o.n.k.i.DiagnosticsManager]  [loader.0] file:/home/luncert/.m2/repository/org/neo4j/neo4j-cypher-planner-spi-3.4/3.4.4/neo4j-cypher-planner-spi-3.4-3.4.4.jar
2018-10-31 10:59:10.974+0000 INFO [o.n.k.i.DiagnosticsManager]  [loader.0] file:/home/luncert/.m2/repository/org/jprocesses/jProcesses/1.6.4/jProcesses-1.6.4.jar
2018-10-31 10:59:10.974+0000 INFO [o.n.k.i.DiagnosticsManager]  [loader.0] file:/home/luncert/.m2/repository/org/apache/lucene/lucene-queryparser/5.5.5/lucene-queryparser-5.5.5.jar
2018-10-31 10:59:10.974+0000 INFO [o.n.k.i.DiagnosticsManager]  [loader.0] file:/home/luncert/.m2/repository/com/googlecode/concurrentlinkedhashmap/concurrentlinkedhashmap-lru/1.4.2/concurrentlinkedhashmap-lru-1.4.2.jar
2018-10-31 10:59:10.974+0000 INFO [o.n.k.i.DiagnosticsManager]  [loader.2] file:/usr/lib/jvm/java-8-oracle/jre/lib/ext/dnsns.jar
2018-10-31 10:59:10.974+0000 INFO [o.n.k.i.DiagnosticsManager]  [loader.0] file:/home/luncert/.m2/repository/org/neo4j/neo4j-kernel-api/3.5.0-alpha06/neo4j-kernel-api-3.5.0-alpha06.jar
2018-10-31 10:59:10.974+0000 INFO [o.n.k.i.DiagnosticsManager]  [loader.0] file:/home/luncert/.m2/repository/org/neo4j/neo4j-graph-algo/3.5.0-alpha06/neo4j-graph-algo-3.5.0-alpha06.jar
2018-10-31 10:59:10.974+0000 INFO [o.n.k.i.DiagnosticsManager]  [loader.0] file:/home/luncert/.m2/repository/com/beust/jcommander/1.72/jcommander-1.72.jar
2018-10-31 10:59:10.975+0000 INFO [o.n.k.i.DiagnosticsManager]  [loader.0] file:/home/luncert/.m2/repository/com/google/guava/guava/20.0/guava-20.0.jar
2018-10-31 10:59:10.975+0000 INFO [o.n.k.i.DiagnosticsManager]  [loader.0] file:/home/luncert/.m2/repository/org/neo4j/neo4j-lucene-upgrade/3.5.0-alpha06/neo4j-lucene-upgrade-3.5.0-alpha06.jar
2018-10-31 10:59:10.975+0000 INFO [o.n.k.i.DiagnosticsManager]  [loader.0] file:/home/luncert/.m2/repository/org/neo4j/neo4j-cypher-ir-3.5/3.5.0-alpha06/neo4j-cypher-ir-3.5-3.5.0-alpha06.jar
2018-10-31 10:59:10.975+0000 INFO [o.n.k.i.DiagnosticsManager]  [loader.0] file:/home/luncert/.m2/repository/org/scala-lang/scala-library/2.11.12/scala-library-2.11.12.jar
2018-10-31 10:59:10.975+0000 INFO [o.n.k.i.DiagnosticsManager]  [loader.0] file:/home/luncert/.m2/repository/org/bouncycastle/bcprov-jdk15on/1.59/bcprov-jdk15on-1.59.jar
2018-10-31 10:59:10.975+0000 INFO [o.n.k.i.DiagnosticsManager]  [loader.0] file:/home/luncert/.m2/repository/org/opencypher/front-end-9.0/9.0.5/front-end-9.0-9.0.5.jar
2018-10-31 10:59:10.975+0000 INFO [o.n.k.i.DiagnosticsManager]  [loader.0] file:/home/luncert/.m2/repository/org/apache/commons/commons-text/1.4/commons-text-1.4.jar
2018-10-31 10:59:10.975+0000 INFO [o.n.k.i.DiagnosticsManager]  [loader.0] file:/home/luncert/.m2/repository/org/apache/commons/commons-compress/1.17/commons-compress-1.17.jar
2018-10-31 10:59:10.975+0000 INFO [o.n.k.i.DiagnosticsManager]  [loader.0] file:/home/luncert/.m2/repository/commons-cli/commons-cli/1.2/commons-cli-1.2.jar
2018-10-31 10:59:10.975+0000 INFO [o.n.k.i.DiagnosticsManager]  [loader.0] file:/home/luncert/.m2/repository/org/neo4j/neo4j-cypher-frontend-3.1/3.1.9/neo4j-cypher-frontend-3.1-3.1.9.jar
2018-10-31 10:59:10.975+0000 INFO [o.n.k.i.DiagnosticsManager]  [loader.0] file:/home/luncert/.m2/repository/org/parboiled/parboiled-scala_2.11/1.1.7/parboiled-scala_2.11-1.1.7.jar
2018-10-31 10:59:10.975+0000 INFO [o.n.k.i.DiagnosticsManager]  [loader.2] file:/usr/lib/jvm/java-8-oracle/jre/lib/ext/jfxrt.jar
2018-10-31 10:59:10.976+0000 INFO [o.n.k.i.DiagnosticsManager]  [bootstrap] /usr/lib/jvm/java-8-oracle/jre/lib/jce.jar
2018-10-31 10:59:10.976+0000 INFO [o.n.k.i.DiagnosticsManager]  [loader.0] file:/home/luncert/.m2/repository/org/apache/lucene/lucene-codecs/5.5.5/lucene-codecs-5.5.5.jar
2018-10-31 10:59:10.976+0000 INFO [o.n.k.i.DiagnosticsManager]  [loader.0] file:/home/luncert/.m2/repository/org/neo4j/neo4j-cypher-planner-spi-3.5/3.5.0-alpha06/neo4j-cypher-planner-spi-3.5-3.5.0-alpha06.jar
2018-10-31 10:59:10.976+0000 INFO [o.n.k.i.DiagnosticsManager]  [loader.0] file:/home/luncert/.m2/repository/org/neo4j/neo4j-configuration/3.5.0-alpha06/neo4j-configuration-3.5.0-alpha06.jar
2018-10-31 10:59:10.976+0000 INFO [o.n.k.i.DiagnosticsManager]  [loader.0] file:/home/luncert/.m2/repository/org/parboiled/parboiled-core/1.1.7/parboiled-core-1.1.7.jar
2018-10-31 10:59:10.976+0000 INFO [o.n.k.i.DiagnosticsManager]  [loader.0] file:/home/luncert/.m2/repository/org/neo4j/neo4j-logging/3.5.0-alpha06/neo4j-logging-3.5.0-alpha06.jar
2018-10-31 10:59:10.976+0000 INFO [o.n.k.i.DiagnosticsManager]  [loader.2] file:/usr/lib/jvm/java-8-oracle/jre/lib/ext/jaccess.jar
2018-10-31 10:59:10.976+0000 INFO [o.n.k.i.DiagnosticsManager]  [loader.0] file:/home/luncert/.m2/repository/org/scala-lang/scala-reflect/2.11.12/scala-reflect-2.11.12.jar
2018-10-31 10:59:10.976+0000 INFO [o.n.k.i.DiagnosticsManager]  [loader.0] file:/home/luncert/.m2/repository/org/apache/curator/curator-client/4.0.0/curator-client-4.0.0.jar
2018-10-31 10:59:10.976+0000 INFO [o.n.k.i.DiagnosticsManager]  [loader.0] file:/home/luncert/.m2/repository/org/opencypher/parser-9.0/9.0.5/parser-9.0-9.0.5.jar
2018-10-31 10:59:10.977+0000 INFO [o.n.k.i.DiagnosticsManager]  [loader.0] file:/home/luncert/.m2/repository/org/codehaus/jackson/jackson-mapper-asl/1.9.13/jackson-mapper-asl-1.9.13.jar
2018-10-31 10:59:10.977+0000 INFO [o.n.k.i.DiagnosticsManager]  [loader.0] file:/home/luncert/.m2/repository/org/apache/lucene/lucene-core/5.5.5/lucene-core-5.5.5.jar
2018-10-31 10:59:10.977+0000 INFO [o.n.k.i.DiagnosticsManager]  [loader.0] file:/home/luncert/.m2/repository/org/neo4j/neo4j-graph-matching/3.1.9/neo4j-graph-matching-3.1.9.jar
2018-10-31 10:59:10.977+0000 INFO [o.n.k.i.DiagnosticsManager]  [loader.0] file:/home/luncert/.m2/repository/org/neo4j/neo4j-cypher-ir-3.4/3.4.4/neo4j-cypher-ir-3.4-3.4.4.jar
2018-10-31 10:59:10.977+0000 INFO [o.n.k.i.DiagnosticsManager]  [loader.2] file:/usr/lib/jvm/java-8-oracle/jre/lib/ext/sunpkcs11.jar
2018-10-31 10:59:10.977+0000 INFO [o.n.k.i.DiagnosticsManager]  [loader.0] file:/home/luncert/.m2/repository/org/neo4j/neo4j-jmx/3.5.0-alpha06/neo4j-jmx-3.5.0-alpha06.jar
2018-10-31 10:59:10.977+0000 INFO [o.n.k.i.DiagnosticsManager]  [loader.0] file:/home/luncert/.m2/repository/org/neo4j/neo4j-cypher-interpreted-runtime/3.5.0-alpha06/neo4j-cypher-interpreted-runtime-3.5.0-alpha06.jar
2018-10-31 10:59:10.977+0000 INFO [o.n.k.i.DiagnosticsManager]  [bootstrap] /usr/lib/jvm/java-8-oracle/jre/lib/rt.jar
2018-10-31 10:59:10.977+0000 INFO [o.n.k.i.DiagnosticsManager]  [loader.0] file:/home/luncert/.m2/repository/org/jboss/marshalling/jboss-marshalling/2.0.6.Final/jboss-marshalling-2.0.6.Final.jar
2018-10-31 10:59:10.977+0000 INFO [o.n.k.i.DiagnosticsManager]  [loader.0] file:/home/luncert/.m2/repository/org/opencypher/rewriting-9.0/9.0.5/rewriting-9.0-9.0.5.jar
2018-10-31 10:59:10.977+0000 INFO [o.n.k.i.DiagnosticsManager]  [loader.0] file:/home/luncert/.m2/repository/org/neo4j/neo4j-cypher-compiler-2.3/2.3.12/neo4j-cypher-compiler-2.3-2.3.12.jar
2018-10-31 10:59:10.977+0000 INFO [o.n.k.i.DiagnosticsManager]  [loader.0] file:/home/luncert/.m2/repository/org/neo4j/neo4j-cypher-logical-plans-3.4/3.4.4/neo4j-cypher-logical-plans-3.4-3.4.4.jar
2018-10-31 10:59:10.978+0000 INFO [o.n.k.i.DiagnosticsManager]  [loader.0] file:/home/luncert/.m2/repository/org/scala-lang/modules/scala-xml_2.11/1.0.2/scala-xml_2.11-1.0.2.jar
2018-10-31 10:59:10.978+0000 INFO [o.n.k.i.DiagnosticsManager]  [loader.0] file:/home/luncert/.m2/repository/org/apache/zookeeper/zookeeper/3.5.3-beta/zookeeper-3.5.3-beta.jar
2018-10-31 10:59:10.978+0000 INFO [o.n.k.i.DiagnosticsManager]  [bootstrap] /usr/lib/jvm/java-8-oracle/jre/lib/charsets.jar
2018-10-31 10:59:10.978+0000 INFO [o.n.k.i.DiagnosticsManager]  [loader.0] file:/home/luncert/.m2/repository/org/scala-sbt/test-interface/1.0/test-interface-1.0.jar
2018-10-31 10:59:10.978+0000 INFO [o.n.k.i.DiagnosticsManager]  [loader.0] file:/home/luncert/.m2/repository/org/neo4j/neo4j-consistency-check/3.5.0-alpha06/neo4j-consistency-check-3.5.0-alpha06.jar
2018-10-31 10:59:10.978+0000 INFO [o.n.k.i.DiagnosticsManager]  [classpath + loader.1] file:/usr/share/java/plexus-classworlds2-2.5.2.jar
2018-10-31 10:59:10.978+0000 INFO [o.n.k.i.DiagnosticsManager]  [loader.0] file:/home/luncert/.m2/repository/org/neo4j/neo4j-lucene-index/3.5.0-alpha06/neo4j-lucene-index-3.5.0-alpha06.jar
2018-10-31 10:59:10.978+0000 INFO [o.n.k.i.DiagnosticsManager]  [loader.0] file:/home/luncert/.m2/repository/org/slf4j/slf4j-api/1.7.6/slf4j-api-1.7.6.jar
2018-10-31 10:59:10.978+0000 INFO [o.n.k.i.DiagnosticsManager]  [loader.0] file:/home/luncert/.m2/repository/org/neo4j/neo4j-cypher-util-3.4/3.4.4/neo4j-cypher-util-3.4-3.4.4.jar
2018-10-31 10:59:10.978+0000 INFO [o.n.k.i.DiagnosticsManager]  [loader.0] file:/home/luncert/.m2/repository/org/scalatest/scalatest_2.11/2.2.5/scalatest_2.11-2.2.5.jar
2018-10-31 10:59:10.978+0000 INFO [o.n.k.i.DiagnosticsManager]  [loader.0] file:/home/luncert/.m2/repository/org/neo4j/neo4j-spatial-index/3.5.0-alpha06/neo4j-spatial-index-3.5.0-alpha06.jar
2018-10-31 10:59:10.978+0000 INFO [o.n.k.i.DiagnosticsManager]  [bootstrap] /usr/lib/jvm/java-8-oracle/jre/classes
2018-10-31 10:59:10.978+0000 INFO [o.n.k.i.DiagnosticsManager]  [loader.0] file:/home/luncert/.m2/repository/org/neo4j/neo4j-cypher-planner-3.5/3.5.0-alpha06/neo4j-cypher-planner-3.5-3.5.0-alpha06.jar
2018-10-31 10:59:10.979+0000 INFO [o.n.k.i.DiagnosticsManager]  [loader.0] file:/home/luncert/.m2/repository/org/neo4j/neo4j-cypher-compiler-3.1/3.1.9/neo4j-cypher-compiler-3.1-3.1.9.jar
2018-10-31 10:59:10.979+0000 INFO [o.n.k.i.DiagnosticsManager]  [loader.0] file:/home/luncert/.m2/repository/com/profesorfalken/WMI4Java/1.6.1/WMI4Java-1.6.1.jar
2018-10-31 10:59:10.979+0000 INFO [o.n.k.i.DiagnosticsManager]  [loader.0] file:/home/luncert/.m2/repository/org/neo4j/neo4j-cypher-planner-3.4/3.4.4/neo4j-cypher-planner-3.4-3.4.4.jar
2018-10-31 10:59:10.979+0000 INFO [o.n.k.i.DiagnosticsManager]  [loader.0] file:/home/luncert/.m2/repository/org/apache/curator/curator-recipes/4.0.0/curator-recipes-4.0.0.jar
2018-10-31 10:59:10.979+0000 INFO [o.n.k.i.DiagnosticsManager]  [loader.2] file:/usr/lib/jvm/java-8-oracle/jre/lib/ext/nashorn.jar
2018-10-31 10:59:10.979+0000 INFO [o.n.k.i.DiagnosticsManager]  [loader.0] file:/home/luncert/.m2/repository/io/netty/netty/3.10.5.Final/netty-3.10.5.Final.jar
2018-10-31 10:59:10.979+0000 INFO [o.n.k.i.DiagnosticsManager]  [loader.0] file:/home/luncert/.m2/repository/org/neo4j/neo4j-csv/3.5.0-alpha06/neo4j-csv-3.5.0-alpha06.jar
2018-10-31 10:59:10.979+0000 INFO [o.n.k.i.DiagnosticsManager]  [loader.0] file:/home/luncert/.m2/repository/org/eclipse/collections/eclipse-collections-api/9.2.0/eclipse-collections-api-9.2.0.jar
2018-10-31 10:59:10.979+0000 INFO [o.n.k.i.DiagnosticsManager]  [bootstrap] /usr/lib/jvm/java-8-oracle/jre/lib/sunrsasign.jar
2018-10-31 10:59:10.979+0000 INFO [o.n.k.i.DiagnosticsManager]  [bootstrap] /usr/lib/jvm/java-8-oracle/jre/lib/resources.jar
2018-10-31 10:59:10.979+0000 INFO [o.n.k.i.DiagnosticsManager]  [loader.0] file:/home/luncert/.m2/repository/io/netty/netty-all/5.0.0.Alpha2/netty-all-5.0.0.Alpha2.jar
2018-10-31 10:59:10.980+0000 INFO [o.n.k.i.DiagnosticsManager]  [loader.0] file:/home/luncert/.m2/repository/org/neo4j/neo4j-collections/3.5.0-alpha06/neo4j-collections-3.5.0-alpha06.jar
2018-10-31 10:59:10.980+0000 INFO [o.n.k.i.DiagnosticsManager]  [loader.2] file:/usr/lib/jvm/java-8-oracle/jre/lib/ext/localedata.jar
2018-10-31 10:59:10.980+0000 INFO [o.n.k.i.DiagnosticsManager]  [loader.0] file:/home/luncert/.m2/repository/org/apache/lucene/lucene-analyzers-common/5.5.5/lucene-analyzers-common-5.5.5.jar
2018-10-31 10:59:10.980+0000 INFO [o.n.k.i.DiagnosticsManager]  [loader.0] file:/home/luncert/.m2/repository/org/neo4j/neo4j-dbms/3.5.0-alpha06/neo4j-dbms-3.5.0-alpha06.jar
2018-10-31 10:59:10.980+0000 INFO [o.n.k.i.DiagnosticsManager]  [loader.0] file:/home/luncert/.m2/repository/org/neo4j/neo4j-graphdb-api/3.5.0-alpha06/neo4j-graphdb-api-3.5.0-alpha06.jar
2018-10-31 10:59:10.980+0000 INFO [o.n.k.i.DiagnosticsManager]  [loader.0] file:/home/luncert/.m2/repository/net/sf/opencsv/opencsv/2.3/opencsv-2.3.jar
2018-10-31 10:59:10.980+0000 INFO [o.n.k.i.DiagnosticsManager]  [loader.0] file:/home/luncert/.m2/repository/org/neo4j/neo4j-concurrent/3.5.0-alpha06/neo4j-concurrent-3.5.0-alpha06.jar
2018-10-31 10:59:10.980+0000 INFO [o.n.k.i.DiagnosticsManager]  [loader.0] file:/home/luncert/.m2/repository/org/neo4j/neo4j-common/3.5.0-alpha06/neo4j-common-3.5.0-alpha06.jar
2018-10-31 10:59:10.980+0000 INFO [o.n.k.i.DiagnosticsManager]  [loader.0] file:/home/luncert/.m2/repository/org/opencypher/expressions-9.0/9.0.5/expressions-9.0-9.0.5.jar
2018-10-31 10:59:10.980+0000 INFO [o.n.k.i.DiagnosticsManager] Library path:
2018-10-31 10:59:10.981+0000 INFO [o.n.k.i.DiagnosticsManager] /usr/java/packages/lib/amd64
2018-10-31 10:59:10.981+0000 INFO [o.n.k.i.DiagnosticsManager] /usr/lib64
2018-10-31 10:59:10.981+0000 INFO [o.n.k.i.DiagnosticsManager] /lib64
2018-10-31 10:59:10.981+0000 INFO [o.n.k.i.DiagnosticsManager] /lib
2018-10-31 10:59:10.981+0000 INFO [o.n.k.i.DiagnosticsManager] /usr/lib
2018-10-31 10:59:10.981+0000 INFO [o.n.k.i.DiagnosticsManager] System.properties:
2018-10-31 10:59:10.981+0000 INFO [o.n.k.i.DiagnosticsManager] exec.mainClass = org.luncert.tkgdb.App
2018-10-31 10:59:10.981+0000 INFO [o.n.k.i.DiagnosticsManager] sun.boot.library.path = /usr/lib/jvm/java-8-oracle/jre/lib/amd64
2018-10-31 10:59:10.982+0000 INFO [o.n.k.i.DiagnosticsManager] maven.multiModuleProjectDirectory = /home/luncert/Project/tkg/tkgdb
2018-10-31 10:59:10.982+0000 INFO [o.n.k.i.DiagnosticsManager] guice.disable.misplaced.annotation.check = true
2018-10-31 10:59:10.982+0000 INFO [o.n.k.i.DiagnosticsManager] path.separator = :
2018-10-31 10:59:10.982+0000 INFO [o.n.k.i.DiagnosticsManager] file.encoding.pkg = sun.io
2018-10-31 10:59:10.982+0000 INFO [o.n.k.i.DiagnosticsManager] user.country = US
2018-10-31 10:59:10.982+0000 INFO [o.n.k.i.DiagnosticsManager] sun.java.launcher = SUN_STANDARD
2018-10-31 10:59:10.982+0000 INFO [o.n.k.i.DiagnosticsManager] sun.os.patch.level = unknown
2018-10-31 10:59:10.982+0000 INFO [o.n.k.i.DiagnosticsManager] user.dir = /home/luncert/Project/tkg/tkgdb
2018-10-31 10:59:10.982+0000 INFO [o.n.k.i.DiagnosticsManager] classworlds.conf = /usr/share/maven/bin/m2.conf
2018-10-31 10:59:10.982+0000 INFO [o.n.k.i.DiagnosticsManager] sun.jnu.encoding = UTF-8
2018-10-31 10:59:10.982+0000 INFO [o.n.k.i.DiagnosticsManager] sun.management.compiler = HotSpot 64-Bit Tiered Compilers
2018-10-31 10:59:10.982+0000 INFO [o.n.k.i.DiagnosticsManager] user.home = /home/luncert
2018-10-31 10:59:10.982+0000 INFO [o.n.k.i.DiagnosticsManager] user.timezone = Asia/Shanghai
2018-10-31 10:59:10.982+0000 INFO [o.n.k.i.DiagnosticsManager] file.encoding = UTF-8
2018-10-31 10:59:10.983+0000 INFO [o.n.k.i.DiagnosticsManager] user.name = luncert
2018-10-31 10:59:10.983+0000 INFO [o.n.k.i.DiagnosticsManager] sun.java.command = org.codehaus.plexus.classworlds.launcher.Launcher exec:java -Dexec.mainClass=org.luncert.tkgdb.App
2018-10-31 10:59:10.983+0000 INFO [o.n.k.i.DiagnosticsManager] sun.arch.data.model = 64
2018-10-31 10:59:10.983+0000 INFO [o.n.k.i.DiagnosticsManager] user.language = en
2018-10-31 10:59:10.983+0000 INFO [o.n.k.i.DiagnosticsManager] awt.toolkit = sun.awt.X11.XToolkit
2018-10-31 10:59:10.983+0000 INFO [o.n.k.i.DiagnosticsManager] securerandom.source = file:/dev/./urandom
2018-10-31 10:59:10.983+0000 INFO [o.n.k.i.DiagnosticsManager] maven.home = /usr/share/maven
2018-10-31 10:59:10.983+0000 INFO [o.n.k.i.DiagnosticsManager] file.separator = /
2018-10-31 10:59:10.983+0000 INFO [o.n.k.i.DiagnosticsManager] sun.io.unicode.encoding = UnicodeLittle
2018-10-31 10:59:10.983+0000 INFO [o.n.k.i.DiagnosticsManager] sun.cpu.endian = little
2018-10-31 10:59:10.983+0000 INFO [o.n.k.i.DiagnosticsManager] sun.desktop = gnome
2018-10-31 10:59:10.983+0000 INFO [o.n.k.i.DiagnosticsManager] sun.cpu.isalist = 
2018-10-31 10:59:10.983+0000 INFO [o.n.k.i.DiagnosticsManager] (IANA) TimeZone Database Version:
2018-10-31 10:59:11.016+0000 INFO [o.n.k.i.DiagnosticsManager]   TimeZone version: 2018e (available for 599 zone identifiers)
2018-10-31 10:59:11.016+0000 INFO [o.n.k.i.DiagnosticsManager] Linux scheduler information:
2018-10-31 10:59:11.024+0000 INFO [o.n.k.i.DiagnosticsManager] [none] 
2018-10-31 10:59:11.025+0000 INFO [o.n.k.i.DiagnosticsManager] noop deadline [cfq] 
2018-10-31 10:59:11.025+0000 INFO [o.n.k.i.DiagnosticsManager] [none] 
2018-10-31 10:59:11.026+0000 INFO [o.n.k.i.DiagnosticsManager] [none] 
2018-10-31 10:59:11.026+0000 INFO [o.n.k.i.DiagnosticsManager] [none] 
2018-10-31 10:59:11.026+0000 INFO [o.n.k.i.DiagnosticsManager] [none] 
2018-10-31 10:59:11.026+0000 INFO [o.n.k.i.DiagnosticsManager] noop deadline [cfq] 
2018-10-31 10:59:11.026+0000 INFO [o.n.k.i.DiagnosticsManager] [none] 
2018-10-31 10:59:11.027+0000 INFO [o.n.k.i.DiagnosticsManager] [none] 
2018-10-31 10:59:11.027+0000 INFO [o.n.k.i.DiagnosticsManager] [none] 
2018-10-31 10:59:11.027+0000 INFO [o.n.k.i.DiagnosticsManager] Network information:
2018-10-31 10:59:11.028+0000 INFO [o.n.k.i.DiagnosticsManager] Interface enp4s0:
2018-10-31 10:59:11.029+0000 INFO [o.n.k.i.DiagnosticsManager]     address: fe80:0:0:0:b44d:7d5f:6a27:b1e1%enp4s0
2018-10-31 10:59:11.029+0000 INFO [o.n.k.i.DiagnosticsManager]     address: 192.168.1.117
2018-10-31 10:59:11.029+0000 INFO [o.n.k.i.DiagnosticsManager] Interface lo:
2018-10-31 10:59:11.029+0000 INFO [o.n.k.i.DiagnosticsManager]     address: 0:0:0:0:0:0:0:1%lo
2018-10-31 10:59:11.029+0000 INFO [o.n.k.i.DiagnosticsManager]     address: 127.0.0.1
2018-10-31 10:59:11.029+0000 INFO [o.n.k.i.DiagnosticsManager] --- INITIALIZED diagnostics END ---
2018-10-31 10:59:11.166+0000 INFO [o.n.k.i.s.f.RecordFormatSelector] Selected format 'RecordFormat:StandardV3_4[v0.A.9]' for the new store
2018-10-31 10:59:12.211+0000 INFO [o.n.k.i.i.l.NativeLabelScanStore] No label index found, this might just be first use. Preparing to rebuild.
2018-10-31 10:59:12.268+0000 INFO [o.n.k.NeoStoreDataSource] Rotated to transaction log [/home/luncert/Project/tkg/tkgdb/db/graph.db/neostore.transaction.db.0] version=0, last transaction in previous log=1
2018-10-31 10:59:12.269+0000 INFO [o.n.k.NeoStoreDataSource] No commits found after last check point (which is at <no log position given>)
2018-10-31 10:59:12.286+0000 WARN [o.n.k.i.s.MetaDataStore] Missing counts store, rebuilding it.
2018-10-31 10:59:12.297+0000 WARN [o.n.k.i.s.MetaDataStore] Counts store rebuild completed.
2018-10-31 10:59:12.327+0000 INFO [o.n.k.i.i.l.NativeLabelScanStore] Rebuilding label index, this may take a while
2018-10-31 10:59:12.335+0000 INFO [o.n.k.i.i.l.NativeLabelScanStore] Label index rebuilt (roughly 0 nodes)
2018-10-31 10:59:12.347+0000 INFO [o.n.k.i.DiagnosticsManager] --- STARTED diagnostics for KernelDiagnostics:Versions START ---
2018-10-31 10:59:12.349+0000 INFO [o.n.k.i.DiagnosticsManager] Graph Database: community single StoreId{creationTime=1540983551512, randomId=5928001946342949227, storeVersion=16094931155187206, upgradeTime=1540983551512, upgradeId=1}
2018-10-31 10:59:12.350+0000 INFO [o.n.k.i.DiagnosticsManager] Kernel version: 3.5.0-alpha06,cbccdf082c9f47dfd3404ddc969a7ee2fc023e25
2018-10-31 10:59:12.351+0000 INFO [o.n.k.i.DiagnosticsManager] --- STARTED diagnostics for KernelDiagnostics:Versions END ---
2018-10-31 10:59:12.357+0000 INFO [o.n.k.i.DiagnosticsManager] --- STARTED diagnostics for NEO_STORE_VERSIONS START ---
2018-10-31 10:59:12.359+0000 INFO [o.n.k.i.DiagnosticsManager] Store versions:
2018-10-31 10:59:12.360+0000 INFO [o.n.k.i.DiagnosticsManager] Store versions:
2018-10-31 10:59:12.362+0000 INFO [o.n.k.i.DiagnosticsManager]   ArrayPropertyStore v0.A.9
2018-10-31 10:59:12.365+0000 INFO [o.n.k.i.DiagnosticsManager]   NodeStore v0.A.9
2018-10-31 10:59:12.367+0000 INFO [o.n.k.i.DiagnosticsManager]   StringPropertyStore v0.A.9
2018-10-31 10:59:12.368+0000 INFO [o.n.k.i.DiagnosticsManager]   PropertyIndexStore v0.A.9
2018-10-31 10:59:12.369+0000 INFO [o.n.k.i.DiagnosticsManager]   StringPropertyStore v0.A.9
2018-10-31 10:59:12.370+0000 INFO [o.n.k.i.DiagnosticsManager]   ArrayPropertyStore v0.A.9
2018-10-31 10:59:12.370+0000 INFO [o.n.k.i.DiagnosticsManager]   PropertyStore v0.A.9
2018-10-31 10:59:12.370+0000 INFO [o.n.k.i.DiagnosticsManager]   RelationshipStore v0.A.9
2018-10-31 10:59:12.372+0000 INFO [o.n.k.i.DiagnosticsManager]   StringPropertyStore v0.A.9
2018-10-31 10:59:12.373+0000 INFO [o.n.k.i.DiagnosticsManager]   RelationshipTypeStore v0.A.9
2018-10-31 10:59:12.373+0000 INFO [o.n.k.i.DiagnosticsManager]   StringPropertyStore v0.A.9
2018-10-31 10:59:12.373+0000 INFO [o.n.k.i.DiagnosticsManager]   LabelTokenStore v0.A.9
2018-10-31 10:59:12.373+0000 INFO [o.n.k.i.DiagnosticsManager]   SchemaStore v0.A.9
2018-10-31 10:59:12.373+0000 INFO [o.n.k.i.DiagnosticsManager]   RelationshipGroupStore v0.A.9
2018-10-31 10:59:12.374+0000 INFO [o.n.k.i.DiagnosticsManager]   NeoStore v0.A.9
2018-10-31 10:59:12.374+0000 INFO [o.n.k.i.DiagnosticsManager] --- STARTED diagnostics for NEO_STORE_VERSIONS END ---
2018-10-31 10:59:12.374+0000 INFO [o.n.k.i.DiagnosticsManager] --- STARTED diagnostics for NEO_STORE_ID_USAGE START ---
2018-10-31 10:59:12.374+0000 INFO [o.n.k.i.DiagnosticsManager] Id usage:
2018-10-31 10:59:12.374+0000 INFO [o.n.k.i.DiagnosticsManager] Id usage:
2018-10-31 10:59:12.375+0000 INFO [o.n.k.i.DiagnosticsManager]   ArrayPropertyStore: used=1 high=0
2018-10-31 10:59:12.375+0000 INFO [o.n.k.i.DiagnosticsManager]   NodeStore: used=0 high=-1
2018-10-31 10:59:12.375+0000 INFO [o.n.k.i.DiagnosticsManager]   StringPropertyStore: used=1 high=0
2018-10-31 10:59:12.375+0000 INFO [o.n.k.i.DiagnosticsManager]   PropertyIndexStore: used=0 high=-1
2018-10-31 10:59:12.375+0000 INFO [o.n.k.i.DiagnosticsManager]   StringPropertyStore: used=1 high=0
2018-10-31 10:59:12.375+0000 INFO [o.n.k.i.DiagnosticsManager]   ArrayPropertyStore: used=1 high=0
2018-10-31 10:59:12.376+0000 INFO [o.n.k.i.DiagnosticsManager]   PropertyStore: used=0 high=-1
2018-10-31 10:59:12.376+0000 INFO [o.n.k.i.DiagnosticsManager]   RelationshipStore: used=0 high=-1
2018-10-31 10:59:12.376+0000 INFO [o.n.k.i.DiagnosticsManager]   StringPropertyStore: used=1 high=0
2018-10-31 10:59:12.376+0000 INFO [o.n.k.i.DiagnosticsManager]   RelationshipTypeStore: used=0 high=-1
2018-10-31 10:59:12.376+0000 INFO [o.n.k.i.DiagnosticsManager]   StringPropertyStore: used=1 high=0
2018-10-31 10:59:12.376+0000 INFO [o.n.k.i.DiagnosticsManager]   LabelTokenStore: used=0 high=-1
2018-10-31 10:59:12.376+0000 INFO [o.n.k.i.DiagnosticsManager]   SchemaStore: used=1 high=0
2018-10-31 10:59:12.376+0000 INFO [o.n.k.i.DiagnosticsManager]   RelationshipGroupStore: used=1 high=0
2018-10-31 10:59:12.376+0000 INFO [o.n.k.i.DiagnosticsManager]   NeoStore: used=15 high=14
2018-10-31 10:59:12.376+0000 INFO [o.n.k.i.DiagnosticsManager] --- STARTED diagnostics for NEO_STORE_ID_USAGE END ---
2018-10-31 10:59:12.376+0000 INFO [o.n.k.i.DiagnosticsManager] --- STARTED diagnostics for NEO_STORE_RECORDS START ---
2018-10-31 10:59:12.377+0000 INFO [o.n.k.i.DiagnosticsManager] Neostore records:
2018-10-31 10:59:12.378+0000 INFO [o.n.k.i.DiagnosticsManager] TIME (Creation time): 1540983551512
2018-10-31 10:59:12.378+0000 INFO [o.n.k.i.DiagnosticsManager] RANDOM_NUMBER (Random number for store id): 5928001946342949227
2018-10-31 10:59:12.379+0000 INFO [o.n.k.i.DiagnosticsManager] LOG_VERSION (Current log version): 0
2018-10-31 10:59:12.379+0000 INFO [o.n.k.i.DiagnosticsManager] LAST_TRANSACTION_ID (Last committed transaction): 1
2018-10-31 10:59:12.380+0000 INFO [o.n.k.i.DiagnosticsManager] STORE_VERSION (Store format version): 16094931155187206
2018-10-31 10:59:12.380+0000 INFO [o.n.k.i.DiagnosticsManager] FIRST_GRAPH_PROPERTY (First property record containing graph properties): -1
2018-10-31 10:59:12.380+0000 INFO [o.n.k.i.DiagnosticsManager] LAST_CONSTRAINT_TRANSACTION (Last committed transaction containing constraint changes): 0
2018-10-31 10:59:12.380+0000 INFO [o.n.k.i.DiagnosticsManager] UPGRADE_TRANSACTION_ID (Transaction id most recent upgrade was performed at): 1
2018-10-31 10:59:12.380+0000 INFO [o.n.k.i.DiagnosticsManager] UPGRADE_TIME (Time of last upgrade): 1540983551512
2018-10-31 10:59:12.380+0000 INFO [o.n.k.i.DiagnosticsManager] LAST_TRANSACTION_CHECKSUM (Checksum of last committed transaction): 0
2018-10-31 10:59:12.380+0000 INFO [o.n.k.i.DiagnosticsManager] UPGRADE_TRANSACTION_CHECKSUM (Checksum of transaction id the most recent upgrade was performed at): 0
2018-10-31 10:59:12.380+0000 INFO [o.n.k.i.DiagnosticsManager] LAST_CLOSED_TRANSACTION_LOG_VERSION (Log version where the last transaction commit entry has been written into): 0
2018-10-31 10:59:12.381+0000 INFO [o.n.k.i.DiagnosticsManager] LAST_CLOSED_TRANSACTION_LOG_BYTE_OFFSET (Byte offset in the log file where the last transaction commit entry has been written into): 16
2018-10-31 10:59:12.381+0000 INFO [o.n.k.i.DiagnosticsManager] LAST_TRANSACTION_COMMIT_TIMESTAMP (Commit time timestamp for last committed transaction): 0
2018-10-31 10:59:12.381+0000 INFO [o.n.k.i.DiagnosticsManager] UPGRADE_TRANSACTION_COMMIT_TIMESTAMP (Commit timestamp of transaction the most recent upgrade was performed at): 0
2018-10-31 10:59:12.381+0000 INFO [o.n.k.i.DiagnosticsManager] --- STARTED diagnostics for NEO_STORE_RECORDS END ---
2018-10-31 10:59:12.383+0000 INFO [o.n.k.i.DiagnosticsManager] --- STARTED diagnostics for TRANSACTION_RANGE START ---
2018-10-31 10:59:12.383+0000 INFO [o.n.k.i.DiagnosticsManager] Transaction log:
2018-10-31 10:59:12.384+0000 INFO [o.n.k.i.DiagnosticsManager] No transactions found in any log
2018-10-31 10:59:12.385+0000 INFO [o.n.k.i.DiagnosticsManager] --- STARTED diagnostics for TRANSACTION_RANGE END ---
2018-10-31 10:59:12.385+0000 INFO [o.n.k.i.DiagnosticsManager] --- STARTED diagnostics for KernelDiagnostics:StoreFiles START ---
2018-10-31 10:59:12.386+0000 INFO [o.n.k.i.DiagnosticsManager] Disk space on partition (Total / Free / Free %): 110680317952 / 64499949568 / 58
2018-10-31 10:59:12.386+0000 INFO [o.n.k.i.DiagnosticsManager] Storage files: (filename : modification date - size)
2018-10-31 10:59:12.388+0000 INFO [o.n.k.i.DiagnosticsManager]   index:
2018-10-31 10:59:12.389+0000 INFO [o.n.k.i.DiagnosticsManager]   - Total: 2018-10-31T18:59:12+0800 - 0.00 B
2018-10-31 10:59:12.390+0000 INFO [o.n.k.i.DiagnosticsManager]   neostore: 2018-10-31T18:59:11+0800 - 8.00 kB
2018-10-31 10:59:12.391+0000 INFO [o.n.k.i.DiagnosticsManager]   neostore.counts.db.a: 2018-10-31T18:59:12+0800 - 96.00 B
2018-10-31 10:59:12.391+0000 INFO [o.n.k.i.DiagnosticsManager]   neostore.id: 2018-10-31T18:59:11+0800 - 9.00 B
2018-10-31 10:59:12.391+0000 INFO [o.n.k.i.DiagnosticsManager]   neostore.labelscanstore.db: 2018-10-31T18:59:12+0800 - 40.00 kB
2018-10-31 10:59:12.392+0000 INFO [o.n.k.i.DiagnosticsManager]   neostore.labeltokenstore.db: 2018-10-31T18:59:11+0800 - 0.00 B
2018-10-31 10:59:12.392+0000 INFO [o.n.k.i.DiagnosticsManager]   neostore.labeltokenstore.db.id: 2018-10-31T18:59:11+0800 - 9.00 B
2018-10-31 10:59:12.392+0000 INFO [o.n.k.i.DiagnosticsManager]   neostore.labeltokenstore.db.names: 2018-10-31T18:59:11+0800 - 8.00 kB
2018-10-31 10:59:12.392+0000 INFO [o.n.k.i.DiagnosticsManager]   neostore.labeltokenstore.db.names.id: 2018-10-31T18:59:11+0800 - 9.00 B
2018-10-31 10:59:12.393+0000 INFO [o.n.k.i.DiagnosticsManager]   neostore.nodestore.db: 2018-10-31T18:59:11+0800 - 0.00 B
2018-10-31 10:59:12.393+0000 INFO [o.n.k.i.DiagnosticsManager]   neostore.nodestore.db.id: 2018-10-31T18:59:11+0800 - 9.00 B
2018-10-31 10:59:12.393+0000 INFO [o.n.k.i.DiagnosticsManager]   neostore.nodestore.db.labels: 2018-10-31T18:59:11+0800 - 8.00 kB
2018-10-31 10:59:12.394+0000 INFO [o.n.k.i.DiagnosticsManager]   neostore.nodestore.db.labels.id: 2018-10-31T18:59:11+0800 - 9.00 B
2018-10-31 10:59:12.394+0000 INFO [o.n.k.i.DiagnosticsManager]   neostore.propertystore.db: 2018-10-31T18:59:11+0800 - 0.00 B
2018-10-31 10:59:12.394+0000 INFO [o.n.k.i.DiagnosticsManager]   neostore.propertystore.db.arrays: 2018-10-31T18:59:11+0800 - 8.00 kB
2018-10-31 10:59:12.394+0000 INFO [o.n.k.i.DiagnosticsManager]   neostore.propertystore.db.arrays.id: 2018-10-31T18:59:11+0800 - 9.00 B
2018-10-31 10:59:12.395+0000 INFO [o.n.k.i.DiagnosticsManager]   neostore.propertystore.db.id: 2018-10-31T18:59:11+0800 - 9.00 B
2018-10-31 10:59:12.395+0000 INFO [o.n.k.i.DiagnosticsManager]   neostore.propertystore.db.index: 2018-10-31T18:59:11+0800 - 0.00 B
2018-10-31 10:59:12.395+0000 INFO [o.n.k.i.DiagnosticsManager]   neostore.propertystore.db.index.id: 2018-10-31T18:59:11+0800 - 9.00 B
2018-10-31 10:59:12.395+0000 INFO [o.n.k.i.DiagnosticsManager]   neostore.propertystore.db.index.keys: 2018-10-31T18:59:11+0800 - 8.00 kB
2018-10-31 10:59:12.396+0000 INFO [o.n.k.i.DiagnosticsManager]   neostore.propertystore.db.index.keys.id: 2018-10-31T18:59:11+0800 - 9.00 B
2018-10-31 10:59:12.396+0000 INFO [o.n.k.i.DiagnosticsManager]   neostore.propertystore.db.strings: 2018-10-31T18:59:11+0800 - 8.00 kB
2018-10-31 10:59:12.396+0000 INFO [o.n.k.i.DiagnosticsManager]   neostore.propertystore.db.strings.id: 2018-10-31T18:59:11+0800 - 9.00 B
2018-10-31 10:59:12.396+0000 INFO [o.n.k.i.DiagnosticsManager]   neostore.relationshipgroupstore.db: 2018-10-31T18:59:11+0800 - 8.00 kB
2018-10-31 10:59:12.396+0000 INFO [o.n.k.i.DiagnosticsManager]   neostore.relationshipgroupstore.db.id: 2018-10-31T18:59:11+0800 - 9.00 B
2018-10-31 10:59:12.397+0000 INFO [o.n.k.i.DiagnosticsManager]   neostore.relationshipstore.db: 2018-10-31T18:59:11+0800 - 0.00 B
2018-10-31 10:59:12.397+0000 INFO [o.n.k.i.DiagnosticsManager]   neostore.relationshipstore.db.id: 2018-10-31T18:59:11+0800 - 9.00 B
2018-10-31 10:59:12.397+0000 INFO [o.n.k.i.DiagnosticsManager]   neostore.relationshiptypestore.db: 2018-10-31T18:59:11+0800 - 0.00 B
2018-10-31 10:59:12.397+0000 INFO [o.n.k.i.DiagnosticsManager]   neostore.relationshiptypestore.db.id: 2018-10-31T18:59:11+0800 - 9.00 B
2018-10-31 10:59:12.397+0000 INFO [o.n.k.i.DiagnosticsManager]   neostore.relationshiptypestore.db.names: 2018-10-31T18:59:11+0800 - 8.00 kB
2018-10-31 10:59:12.397+0000 INFO [o.n.k.i.DiagnosticsManager]   neostore.relationshiptypestore.db.names.id: 2018-10-31T18:59:11+0800 - 9.00 B
2018-10-31 10:59:12.398+0000 INFO [o.n.k.i.DiagnosticsManager]   neostore.schemastore.db: 2018-10-31T18:59:11+0800 - 8.00 kB
2018-10-31 10:59:12.398+0000 INFO [o.n.k.i.DiagnosticsManager]   neostore.schemastore.db.id: 2018-10-31T18:59:11+0800 - 9.00 B
2018-10-31 10:59:12.398+0000 INFO [o.n.k.i.DiagnosticsManager]   neostore.transaction.db.0: 2018-10-31T18:59:12+0800 - 16.00 B
2018-10-31 10:59:12.398+0000 INFO [o.n.k.i.DiagnosticsManager] Storage summary: 
2018-10-31 10:59:12.398+0000 INFO [o.n.k.i.DiagnosticsManager]   Total size of store: 112.24 kB
2018-10-31 10:59:12.399+0000 INFO [o.n.k.i.DiagnosticsManager]   Total size of mapped files: 112.00 kB
2018-10-31 10:59:12.399+0000 INFO [o.n.k.i.DiagnosticsManager] --- STARTED diagnostics for KernelDiagnostics:StoreFiles END ---
2018-10-31 10:59:12.399+0000 INFO [o.n.k.i.DatabaseHealth] Database health set to OK
2018-10-31 10:59:12.528+0000 INFO [o.n.g.f.GraphDatabaseFacadeFactory] Shutdown started
2018-10-31 10:59:12.557+0000 INFO [o.n.k.i.t.l.c.CheckPointerImpl] Checkpoint triggered by database shutdown @ txId: 1 checkpoint started...
2018-10-31 10:59:12.630+0000 INFO [o.n.k.i.t.l.c.CheckPointerImpl] Checkpoint triggered by database shutdown @ txId: 1 checkpoint completed in 72ms
2018-10-31 10:59:12.632+0000 INFO [o.n.k.i.t.l.p.LogPruningImpl] No log version pruned, last checkpoint was made in version 0
2018-10-31 10:59:12.650+0000 INFO [o.n.k.i.DiagnosticsManager] --- STOPPING diagnostics START ---
2018-10-31 10:59:12.650+0000 INFO [o.n.k.i.DiagnosticsManager] --- STOPPING diagnostics END ---
2018-10-31 10:59:12.651+0000 INFO [o.n.g.f.GraphDatabaseFacadeFactory] Shutdown started
